[10:49:43.452][34m[INFO ][m[D.MainClass                   ]: [34mStarting MainClass on Omen-Seb-Kunbuntu with PID 11567 (/home/sebastien/Documents/GitHub/DonkeySignage/DonkeySignage-Server/out/production/classes started by sebastien in /home/sebastien/Documents/GitHub/DonkeySignage/DonkeySignage-Server)
[m[10:49:43.453][1;30m[DEBUG][m[D.MainClass                   ]: [1;30mRunning with Spring Boot v1.5.9.RELEASE, Spring v4.3.13.RELEASE
[m[10:49:43.453][34m[INFO ][m[D.MainClass                   ]: [34mNo active profile set, falling back to default profiles: default
[m[10:49:43.555][34m[INFO ][m[o.h.v.i.u.Version             ]: [34mHV000001: Hibernate Validator 5.3.6.Final
[m[10:49:43.621][34m[INFO ][m[gEmbeddedWebApplicationContext]: [34mRefreshing org.springframework.boot.context.embedded.AnnotationConfigEmbeddedWebApplicationContext@57abad67: startup date [Fri Feb 01 10:49:43 CET 2019]; root of context hierarchy
[m[10:49:44.466][34m[INFO ][m[o.xnio                        ]: [34mXNIO version 3.3.8.Final
[m[10:49:44.474][34m[INFO ][m[o.x.nio                       ]: [34mXNIO NIO Implementation Version 3.3.8.Final
[m[10:49:44.492][1;33m[WARN ][m[i.u.w.jsr                     ]: [1;33mUT026009: XNIO worker was not set on WebSocketDeploymentInfo, the default worker will be used
[m[10:49:44.492][1;33m[WARN ][m[i.u.w.jsr                     ]: [1;33mUT026010: Buffer pool was not set on WebSocketDeploymentInfo, the default pool will be used
[m[10:49:44.506][34m[INFO ][m[i.u.servlet                   ]: [34mInitializing Spring embedded WebApplicationContext
[m[10:49:44.506][34m[INFO ][m[o.s.w.c.ContextLoader         ]: [34mRoot WebApplicationContext: initialization completed in 892 ms
[m[10:49:44.580][34m[INFO ][m[.b.w.s.ServletRegistrationBean]: [34mMapping servlet: 'dispatcherServlet' to [/]
[m[10:49:44.583][34m[INFO ][m[s.b.w.s.FilterRegistrationBean]: [34mMapping filter: 'characterEncodingFilter' to: [/*]
[m[10:49:44.583][34m[INFO ][m[s.b.w.s.FilterRegistrationBean]: [34mMapping filter: 'hiddenHttpMethodFilter' to: [/*]
[m[10:49:44.584][34m[INFO ][m[s.b.w.s.FilterRegistrationBean]: [34mMapping filter: 'httpPutFormContentFilter' to: [/*]
[m[10:49:44.584][34m[INFO ][m[s.b.w.s.FilterRegistrationBean]: [34mMapping filter: 'requestContextFilter' to: [/*]
[m[10:49:44.909][34m[INFO ][m[tainerEntityManagerFactoryBean]: [34mBuilding JPA container EntityManagerFactory for persistence unit 'default'
[m[10:49:44.952][34m[INFO ][m[o.h.Version                   ]: [34mHHH000412: Hibernate Core {5.0.12.Final}
[m[10:49:44.953][34m[INFO ][m[o.h.c.Environment             ]: [34mHHH000206: hibernate.properties not found
[m[10:49:44.954][34m[INFO ][m[o.h.c.Environment             ]: [34mHHH000021: Bytecode provider name : javassist
[m[10:49:44.979][34m[INFO ][m[o.h.a.c.Version               ]: [34mHCANN000001: Hibernate Commons Annotations {5.0.1.Final}
[m[10:49:45.033][34m[INFO ][m[o.h.d.Dialect                 ]: [34mHHH000400: Using dialect: org.hibernate.dialect.MySQL5Dialect
[m[10:49:45.156][34m[INFO ][m[o.h.t.h.SchemaUpdate          ]: [34mHHH000228: Running hbm2ddl schema update
[m[10:49:45.172][34m[INFO ][m[tainerEntityManagerFactoryBean]: [34mInitialized JPA EntityManagerFactory for persistence unit 'default'
[m[10:49:45.387][34m[INFO ][m[a.RequestMappingHandlerAdapter]: [34mLooking for @ControllerAdvice: org.springframework.boot.context.embedded.AnnotationConfigEmbeddedWebApplicationContext@57abad67: startup date [Fri Feb 01 10:49:43 CET 2019]; root of context hierarchy
[m[10:49:45.432][34m[INFO ][m[a.RequestMappingHandlerMapping]: [34mMapped "{[/api/hello]}" onto public java.lang.String Donkey.WebSite.WebController.hello()
[m[10:49:45.435][34m[INFO ][m[a.RequestMappingHandlerMapping]: [34mMapped "{[/error]}" onto public org.springframework.http.ResponseEntity<java.util.Map<java.lang.String, java.lang.Object>> org.springframework.boot.autoconfigure.web.BasicErrorController.error(javax.servlet.http.HttpServletRequest)
[m[10:49:45.436][34m[INFO ][m[a.RequestMappingHandlerMapping]: [34mMapped "{[/error],produces=[text/html]}" onto public org.springframework.web.servlet.ModelAndView org.springframework.boot.autoconfigure.web.BasicErrorController.errorHtml(javax.servlet.http.HttpServletRequest,javax.servlet.http.HttpServletResponse)
[m[10:49:45.458][34m[INFO ][m[.w.s.h.SimpleUrlHandlerMapping]: [34mMapped URL path [/webjars/**] onto handler of type [class org.springframework.web.servlet.resource.ResourceHttpRequestHandler]
[m[10:49:45.458][34m[INFO ][m[.w.s.h.SimpleUrlHandlerMapping]: [34mMapped URL path [/**] onto handler of type [class org.springframework.web.servlet.resource.ResourceHttpRequestHandler]
[m[10:49:45.486][34m[INFO ][m[.w.s.h.SimpleUrlHandlerMapping]: [34mMapped URL path [/**/favicon.ico] onto handler of type [class org.springframework.web.servlet.resource.ResourceHttpRequestHandler]
[m[10:49:45.508][1;33m[WARN ][m[tTemplateResolverConfiguration]: [1;33mCannot find template location: classpath:/templates/ (please add some templates or check your Thymeleaf configuration)
[m[10:49:45.907][34m[INFO ][m[.j.e.a.AnnotationMBeanExporter]: [34mRegistering beans for JMX exposure on startup
[m[10:49:45.945][34m[INFO ][m[dertowEmbeddedServletContainer]: [34mUndertow started on port(s) 8080 (http)
[m[10:49:45.948][34m[INFO ][m[D.MainClass                   ]: [34mStarted MainClass in 2.708 seconds (JVM running for 3.519)
[m